<?xml version="1.0" encoding="UTF-8"?>
<testng-results ignored="0" total="1" passed="1" failed="0" skipped="0">
  <reporter-output>
  </reporter-output>
  <suite started-at="2020-01-03T21:19:29 IST" name="Yahoo App Test Automation Suite" finished-at="2020-01-03T21:19:36 IST" duration-ms="6959">
    <groups>
    </groups>
    <test started-at="2020-01-03T21:19:29 IST" name="Yahoo App Test" finished-at="2020-01-03T21:19:36 IST" duration-ms="6959">
      <class name="com.parameters.ParameterTest">
        <test-method signature="yahooLoginTest(java.lang.String, java.lang.String)[pri:0, instance:com.parameters.ParameterTest@1329eff]" started-at="2020-01-03T21:19:29 IST" name="yahooLoginTest" finished-at="2020-01-03T21:19:36 IST" duration-ms="6886" status="PASS">
          <params>
            <param index="0">
              <value>
                <![CDATA[https://login.yahoo.com/]]>
              </value>
            </param>
            <param index="1">
              <value>
                <![CDATA[test@yahoo.com]]>
              </value>
            </param>
          </params>
          <reporter-output>
          </reporter-output>
        </test-method> <!-- yahooLoginTest -->
      </class> <!-- com.parameters.ParameterTest -->
    </test> <!-- Yahoo App Test -->
  </suite> <!-- Yahoo App Test Automation Suite -->
</testng-results>
